960724-01:12:36 adm/rug/XsolSho/global/cascade
960724-01:12:36 lib/toolinfo/unity/size
960724-01:12:36 lib/unity/bin/alter
960724-01:12:36 lib/unity/bin/asort
960724-01:12:36 lib/unity/bin/catalog
960724-01:12:36 lib/unity/bin/cmpquery
960724-01:12:36 lib/unity/bin/compute
960724-01:12:36 lib/unity/bin/ddist
960724-01:12:36 lib/unity/bin/delete
960724-01:12:36 lib/unity/bin/dis
960724-01:12:36 lib/unity/bin/display
960724-01:12:36 lib/unity/bin/dist
960724-01:12:36 lib/unity/bin/dtally
960724-01:12:36 lib/unity/bin/ei
960724-01:12:36 lib/unity/bin/erase-index
960724-01:12:36 lib/unity/bin/erase-table
960724-01:12:36 lib/unity/bin/et
960724-01:12:36 lib/unity/bin/format
960724-01:12:36 lib/unity/bin/index
960724-01:12:36 lib/unity/bin/index2
960724-01:12:36 lib/unity/bin/insert
960724-01:12:36 lib/unity/bin/load
960724-01:12:36 lib/unity/bin/maketable
960724-01:12:36 lib/unity/bin/merge
960724-01:12:36 lib/unity/bin/nalter
960724-01:12:36 1706 blocks
960724-01:12:36 uid=601(XsolDlv) gid=600(exptools) euid=600(exptools)
960724-01:12:47 lib/unity/bin/ndelete
960724-01:12:47 lib/unity/bin/ninsert
960724-01:12:47 lib/unity/bin/nuedit
960724-01:12:47 lib/unity/bin/outerjoin
960724-01:12:47 lib/unity/bin/packet
960724-01:12:47 lib/unity/bin/prblock
960724-01:12:47 lib/unity/bin/prindex
960724-01:12:47 lib/unity/bin/prtable
960724-01:12:47 lib/unity/bin/qprintf
960724-01:12:47 lib/unity/bin/regjoin
960724-01:12:47 lib/unity/bin/retrieve
960724-01:12:47 lib/unity/bin/rmulock
960724-01:12:47 lib/unity/bin/select
960724-01:12:47 lib/unity/bin/setdiff
960724-01:12:47 lib/unity/bin/stat
960724-01:12:47 lib/unity/bin/table
960724-01:12:47 1873 blocks
960724-01:12:47 uid=601(XsolDlv) gid=600(exptools) euid=600(exptools)
960724-01:12:58 lib/unity/bin/tally
960724-01:12:58 lib/unity/bin/tuple
960724-01:12:58 lib/unity/bin/uadmin
960724-01:12:58 lib/unity/bin/ucheck
960724-01:12:58 lib/unity/bin/udelete
960724-01:12:58 lib/unity/bin/udelta
960724-01:12:58 lib/unity/bin/udiff
960724-01:12:58 lib/unity/bin/uedit
960724-01:12:58 lib/unity/bin/uenter
960724-01:12:58 lib/unity/bin/uformat
960724-01:12:58 lib/unity/bin/uget
960724-01:12:58 lib/unity/bin/ujoin
960724-01:12:58 lib/unity/bin/umenu
960724-01:12:58 lib/unity/bin/unload
960724-01:12:58 lib/unity/bin/unmerge
960724-01:12:58 lib/unity/bin/uprint
960724-01:12:58 lib/unity/bin/uprintf
960724-01:12:58 lib/unity/bin/uselect
960724-01:12:58 lib/unity/bin/valcmp
960724-01:12:58 lib/unity/bin/validate
960724-01:12:58 lib/unity/hdr/uquery.h
960724-01:12:58 lib/unity/hdr/urelation.h
960724-01:12:58 lib/unity/lib/db.h
960724-01:12:58 1617 blocks
960724-01:12:58 uid=601(XsolDlv) gid=600(exptools) euid=600(exptools)
960724-01:13:03 lib/unity/lib/dblib.a
960724-01:13:03 lib/unity/lib/libmisc.a
960724-01:13:03 lib/unity/lib/libnunity.a
960724-01:13:03 1381 blocks
960724-01:13:03 uid=601(XsolDlv) gid=600(exptools) euid=600(exptools)
960725-00:08:19 adm/rug/XsolSho/global/cascade
960725-00:08:19 lib/unity/bin/compute
960725-00:08:19 lib/unity/lib/dblib.a
960725-00:08:19 893 blocks
960725-00:08:19 uid=601(XsolDlv) gid=600(exptools) euid=600(exptools)
960726-00:09:00 adm/rug/XsolSho/global/cascade
960726-00:09:00 1 blocks
960726-00:09:00 uid=601(XsolDlv) gid=600(exptools) euid=600(exptools)
960727-00:06:52 adm/rug/XsolSho/global/cascade
960727-00:06:52 1 blocks
960727-00:06:52 uid=601(XsolDlv) gid=600(exptools) euid=600(exptools)
960728-00:06:59 adm/rug/XsolSho/global/cascade
960728-00:06:59 bin/postalias
960728-00:06:59 lib/postalias/aliasx
960728-00:06:59 208 blocks
960728-00:06:59 uid=601(XsolDlv) gid=600(exptools) euid=600(exptools)
960729-04:09:51 adm/rug/XsolSho/global/cascade
960729-04:09:51 1 blocks
960729-04:09:51 uid=601(XsolDlv) gid=600(exptools) euid=600(exptools)
960913-04:07:48 bin/perl
960913-04:07:48 2806 blocks
960913-04:07:48 uid=601(XsolDlv) gid=600(exptools) euid=600(exptools)
960917-04:06:51 bin/perl
960917-04:06:51 2806 blocks
960917-04:06:51 uid=601(XsolDlv) gid=600(exptools) euid=600(exptools)
