This is TeX, Version 3.141 (C version d) (INITEX)  3 JAN 1994 09:40
**lplain
(/opt/exptools/lib/tex/macros/lplain.tex Preloading the plain format: codes,
registers,
\maxdimen=\dimen10
\hideskip=\skip10
\@centering=\skip11
\p@=\dimen11
\z@=\dimen12
\z@skip=\skip12
\voidb@x=\box10
 setting up things for TeX 3.0,  parameters,
\smallskipamount=\skip13
\medskipamount=\skip14
\bigskipamount=\skip15
\normalbaselineskip=\skip16
\normallineskip=\skip17
\normallineskiplimit=\dimen13
\jot=\dimen14
\interdisplaylinepenalty=\count23
\interfootnotelinepenalty=\count24
 macros,
\strutbox=\box11
\mscount=\count25

math definitions,
\rootbox=\box12
\p@renwd=\dimen15
\footins=\insert254
 hyphenation (/opt/exptools/lib/tex/macros/hyphen.tex)
! I can't find file `lfonts.tex'.
l.1352 \input lfonts
                    
Please type another input file name: lfonts.new
(/opt/exptools/lib/tex/macros/lfonts.new
File: `fam'          v1.3h <92/09/24> (FMi and RmS)
English Documentation      <92/09/03> (FMi and RmS)
\no@alphabet@help=\toks10
\nofont@help=\toks11
File: `tracefnt'     v1.0s <92/09/24> (FMi and RmS)
English Documentation      <90/04/05> (FMi and RmS)
\every@size=\toks12
File: `setsize'      v1.1e <92/08/19> (FMi and RmS)
English Documentation      <90/06/06> (FMi and RmS)
File: `latint'       v1.1k <92/09/22> (FMi and RmS)
English Documentation      <90/07/18> (FMi and RmS)
File: `lfonts'       v1.2f <92/09/11> (FMi and RmS)
English Documentation      <92/02/09> (FMi and RmS)
! I can't find file `fontdef.tex'.
l.660  \input fontdef.tex
                         
Please type another input file name: fontdef.ori
(/opt/exptools/lib/tex/macros/fontdef.ori
File: `fontdef.ori'  v1.1m <92/05/11> (FMi and RmS)
English Documentation      <92/05/11> (FMi and RmS)

Includes Font/Shape Definitions for:
 
    Computer Modern Standard Fonts.

********************************************************************
* Probably customized by YOU who forgot to change the lines above! *
********************************************************************
)
! I can't find file `preload.tex'.
l.661  \input preload.tex
                         
Please type another input file name: preload.ori
(/opt/exptools/lib/tex/macros/preload.ori
File: `preload.ori'  v1.0i <91/12/02> (FMi and RmS)
English Documentation      <91/12/02> (FMi and RmS)
********************************************************************
* Probably customized by YOU who forgot to change the lines above! *
********************************************************************
)
! I can't find file `xxxlfont.sty'.
l.816 \input xxxlfont.sty
                         
Please type another input file name: oldlfont.sty
(/opt/exptools/lib/tex/macros/oldlfont.sty
Style-Option: `oldlfont' v1.3f <92/09/07> (FMi and RmS)
English Documentation          <92/09/07> (FMi and RmS)
\bffam=\mathgroup4
\sffam=\mathgroup5
\ttfam=\mathgroup6
\itfam=\mathgroup7
\scfam=\mathgroup8
\slfam=\mathgroup9
\lyfam=\mathgroup10
)
! Old LaTeX version! Type `h'.
l.838 \errmessage{Old LaTeX version! Type `h'}
                                              
? h
The LaTeX that you use was released before December 1, 91.

At that time several changes have been introduced into LaTeX and the standard
styles to support this version of NFSS.

NFSS will probably work with your version but you might encounter problems
in certain situations (most of them are described in the `nfss.bug' file).

Since the new LaTeX release also fix many bugs we suggest that you upgrade
as soon as possible.


? 
) (/opt/exptools/lib/tex/macros/latex.tex
LaTeX Version 2.09 <14 January 1991>
counters,
\@unused=\write0
\@tempcnta=\count26
\@tempcntb=\count27
\@tempdima=\dimen16
\@tempdimb=\dimen17
\@tempboxa=\box13
\@flushglue=\skip18
\@tempskipa=\skip19
\@tempskipb=\skip20
\@temptokena=\toks13
 hacks, errors, par, spacing,
\@savsk=\dimen18
\@savsf=\count28
\fill=\skip21
 control, files,
\@mainaux=\write1
\@partaux=\write2
\@clubpenalty=\count29
 env. counters,
page nos., x-ref, environments, math,
\c@equation=\count30
\@eqcnt=\count31
\@eqpen=\count32
 center,
\@rightskip=\skip22
 verbatim, list,
\topsep=\skip23
\partopsep=\skip24
\itemsep=\skip25
\parsep=\skip26
\@topsep=\skip27
\@topsepadd=\skip28
\@outerparskip=\skip29
\leftmargin=\dimen19
\rightmargin=\dimen20
\listparindent=\dimen21
\itemindent=\dimen22
\labelwidth=\dimen23
\labelsep=\dimen24
\linewidth=\dimen25
\@totalleftmargin=\dimen26
\leftmargini=\dimen27
\leftmarginii=\dimen28
\leftmarginiii=\dimen29
\leftmarginiv=\dimen30
\leftmarginv=\dimen31
\leftmarginvi=\dimen32
\@listdepth=\count33
\@itempenalty=\count34
\@beginparpenalty=\count35
\@endparpenalty=\count36
\@labels=\box14
 itemize,
\@enumdepth=\count37
\c@enumi=\count38
\c@enumii=\count39
\c@enumiii=\count40
\c@enumiv=\count41
\@itemdepth=\count42
 boxes,
\fboxrule=\dimen33
\fboxsep=\dimen34
\@mplistdepth=\count43
\@mpfootins=\insert253

tabbing,
\@firsttab=\count44
\@maxtab=\count45
\@gtempa=\dimen35
\@gtempa=\dimen36
\@gtempa=\dimen37
\@gtempa=\dimen38
\@gtempa=\dimen39
\@gtempa=\dimen40
\@gtempa=\dimen41
\@gtempa=\dimen42
\@gtempa=\dimen43
\@gtempa=\dimen44
\@gtempa=\dimen45
\@gtempa=\dimen46
\@gtempa=\dimen47
\@getempa=\dimen48
\@nxttabmar=\count46
\@curtabmar=\count47
\@curtab=\count48
\@hightab=\count49
\@tabpush=\count50
\@curline=\box15
\@curfield=\box16
\@tabfbox=\box17
\tabbingsep=\dimen49
 array,
\@chclass=\count51
\@lastchclass=\count52
\@chnum=\count53
\arraycolsep=\dimen50
\tabcolsep=\dimen51
\arrayrulewidth=\dimen52
\doublerulesep=\dimen53
\@arstrutbox=\box18
\@cla=\count54
\@clb=\count55
 picture,
\@wholewidth=\dimen54
\@halfwidth=\dimen55
\unitlength=\dimen56
\@picbox=\box19
\@picht=\dimen57
\@ovxx=\dimen58
\@ovyy=\dimen59
\@ovdx=\dimen60
\@ovdy=\dimen61
\@ovro=\dimen62
\@ovri=\dimen63
\@xarg=\count56
\@yarg=\count57
\@yyarg=\count58
\@multicnt=\count59
\@xdim=\dimen64
\@ydim=\dimen65
\@linechar=\box20
\@linelen=\dimen66
\@clnwd=\dimen67
\@clnht=\dimen68
\@dashdim=\dimen69
\@dashbox=\box21
\@dashcnt=\count60
 theorem, lengths, title, sectioning,
\@secpenalty=\count61
\c@secnumdepth=\count62
\c@tocdepth=\count63
 contents, index,
bibliography, floats,
\@floatpenalty=\count64
\c@topnumber=\count65
\c@dbltopnumber=\count66
\c@bottomnumber=\count67
\c@totalnumber=\count68
 footnotes,
\c@footnote=\count69
\c@mpfootnote=\count70
\footnotesep=\dimen70
 initial, output,
\bx@A=\insert252
\bx@B=\insert251
\bx@C=\insert250
\bx@D=\insert249
\bx@E=\insert248
\bx@F=\insert247
\bx@G=\insert246
\bx@H=\insert245
\bx@I=\insert244
\bx@J=\insert243
\bx@K=\insert242
\bx@L=\insert241
\bx@M=\insert240
\bx@N=\insert239
\bx@O=\insert238
\bx@P=\insert237
\bx@Q=\insert236
\bx@R=\insert235
\topmargin=\dimen71
\oddsidemargin=\dimen72
\evensidemargin=\dimen73
\headheight=\dimen74
\headsep=\dimen75
\footskip=\dimen76
\footheight=\dimen77
\textheight=\dimen78
\textwidth=\dimen79
\columnwidth=\dimen80
\columnsep=\dimen81
\columnseprule=\dimen82
\@maxdepth=\dimen83
\marginparwidth=\dimen84
\marginparsep=\dimen85
\marginparpush=\dimen86
\floatsep=\skip30
\textfloatsep=\skip31
\intextsep=\skip32
\@maxsep=\dimen87
\dblfloatsep=\skip33
\dbltextfloatsep=\skip34
\@dblmaxsep=\dimen88
\@fptop=\skip35
\@fpsep=\skip36
\@fpbot=\skip37
\@dblfptop=\skip38
\@dblfpsep=\skip39
\@dblfpbot=\skip40
\@topnum=\count71
\@toproom=\dimen89
\@dbltopnum=\count72
\@dbltoproom=\dimen90
\@botnum=\count73
\@botroom=\dimen91
\@colnum=\count74
\@textmin=\dimen92
\@fpmin=\dimen93
\@colht=\dimen94
\@colroom=\dimen95
\@pageht=\dimen96
\@pagedp=\dimen97
\@mparbottom=\dimen98
\@currtype=\count75
\@outputbox=\box22
\@leftcolumn=\box23
\@holdpg=\box24
 debugging
\@lowpenalty=\count76
\@medpenalty=\count77
\@highpenalty=\count78
)
Input any local modifications here.
)
*\dump
Beginning to dump on file lplain.fmt
 (format=lplain 94.1.3)
3194 strings of total length 43191
23320 memory locations dumped; current usage is 118&22652
2135 multiletter control sequences
\font\nullfont=nullfont
\font\cmex/m/n/10=cmex10
\font\tenln=line10
\font\tenlnw=linew10
\font\tencirc=lcircle10
\font\tencircw=lcirclew10
\font\cmr/m/n/5=cmr5
\font\cmr/m/n/6=cmr6
\font\cmr/m/n/7=cmr7
\font\cmr/m/n/8=cmr8
\font\cmr/m/n/9=cmr9
\font\cmr/m/n/10=cmr10
\font\cmr/m/n/11=cmr10 at 10.95pt
\font\cmr/m/n/12=cmr12
\font\cmr/m/n/14=cmr12 at 14.4pt
\font\cmr/m/n/17=cmr17
\font\cmr/m/n/20=cmr17 at 20.736pt
\font\cmr/m/n/25=cmr17 at 24.8832pt
\font\cmr/bx/n/9=cmbx9
\font\cmr/bx/n/10=cmbx10
\font\cmr/bx/n/11=cmbx10 at 10.95pt
\font\cmr/bx/n/12=cmbx12
\font\cmr/bx/n/14=cmbx12 at 14.4pt
\font\cmr/bx/n/17=cmbx12 at 17.28pt
\font\cmr/m/sl/10=cmsl10
\font\cmr/m/sl/11=cmsl10 at 10.95pt
\font\cmr/m/sl/12=cmsl12
\font\cmr/m/it/7=cmti7
\font\cmr/m/it/8=cmti8
\font\cmr/m/it/9=cmti9
\font\cmr/m/it/10=cmti10
\font\cmr/m/it/11=cmti10 at 10.95pt
\font\cmr/m/it/12=cmti12
\font\cmss/m/n/10=cmss10
\font\cmss/m/n/11=cmss10 at 10.95pt
\font\cmss/m/n/12=cmss12
\font\cmtt/m/n/9=cmtt9
\font\cmtt/m/n/10=cmtt10
\font\cmtt/m/n/11=cmtt10 at 10.95pt
\font\cmtt/m/n/12=cmtt12
\font\cmm/m/it/5=cmmi5
\font\cmm/m/it/6=cmmi6
\font\cmm/m/it/7=cmmi7
\font\cmm/m/it/8=cmmi8
\font\cmm/m/it/9=cmmi9
\font\cmm/m/it/10=cmmi10
\font\cmm/m/it/11=cmmi10 at 10.95pt
\font\cmm/m/it/12=cmmi12
\font\cmm/m/it/14=cmmi12 at 14.4pt
\font\cmm/m/it/17=cmmi12 at 17.28pt
\font\cmm/m/it/20=cmmi12 at 20.74pt
\font\cmsy/m/n/5=cmsy5
\font\cmsy/m/n/6=cmsy6
\font\cmsy/m/n/7=cmsy7
\font\cmsy/m/n/8=cmsy8
\font\cmsy/m/n/9=cmsy9
\font\cmsy/m/n/10=cmsy10
\font\cmsy/m/n/11=cmsy10 at 10.95pt
\font\cmsy/m/n/12=cmsy10 at 12.0pt
\font\cmsy/m/n/14=cmsy10 at 14.4pt
\font\cmsy/m/n/17=cmsy10 at 17.28pt
\font\cmsy/m/n/20=cmsy10 at 20.74pt
\font\lasy/m/n/5=lasy5
\font\lasy/m/n/6=lasy6
\font\lasy/m/n/7=lasy7
\font\lasy/m/n/8=lasy8
\font\lasy/m/n/9=lasy9
\font\lasy/m/n/10=lasy10
\font\lasy/m/n/11=lasy10 at 10.95pt
\font\lasy/m/n/12=lasy10 at 12.0pt
\font\lasy/m/n/14=lasy10 at 14.4pt
\font\lasy/m/n/17=lasy10 at 17.28pt
\font\lasy/m/n/20=lasy10 at 20.74pt
18980 words of font info for 72 preloaded fonts
14 hyphenation exceptions
Hyphenation trie of length 6075 has 181 ops out of 751
  181 for language 0
No pages of output.
