This is TeX, Version 3.1415 (C version 6.1) (INITEX)  7 NOV 1995 11:43
**splain
(/opt/exptools/lib/tex/macros/splain.tex Preloading the plain format: codes,
registers,
\maxdimen=\dimen10
\hideskip=\skip10
\@centering=\skip11
\p@=\dimen11
\z@=\dimen12
\z@skip=\skip12
\voidb@x=\box10
 setting up things for TeX 3.0,  parameters,
\smallskipamount=\skip13
\medskipamount=\skip14
\bigskipamount=\skip15
\normalbaselineskip=\skip16
\normallineskip=\skip17
\normallineskiplimit=\dimen13
\jot=\dimen14
\interdisplaylinepenalty=\count23
\interfootnotelinepenalty=\count24
 macros,
\strutbox=\box11
\mscount=\count25

math definitions,
\rootbox=\box12
\p@renwd=\dimen15
\footins=\insert254
 hyphenation (/opt/exptools/lib/tex/macros/hyphen.tex)
(/opt/exptools/lib/tex/macros/sfonts.tex fonts,
\itfam=\fam4
\slfam=\fam5
\bffam=\fam6
\ttfam=\fam7
\sffam=\fam8
\scfam=\fam9
\lyfam=\fam10
)
(/opt/exptools/lib/tex/macros/latex.tex
LaTeX Version 2.09 <14 January 1991>
counters,
\@unused=\write0
\@tempcnta=\count26
\@tempcntb=\count27
\@tempdima=\dimen16
\@tempdimb=\dimen17
\@tempboxa=\box13
\@flushglue=\skip18
\@tempskipa=\skip19
\@tempskipb=\skip20
\@temptokena=\toks10
 hacks, errors, par, spacing,
\@savsk=\dimen18
\@savsf=\count28
\fill=\skip21
 control, files,
\@mainaux=\write1
\@partaux=\write2
\@clubpenalty=\count29
 env. counters,
page nos., x-ref, environments, math,
\c@equation=\count30
\@eqcnt=\count31
\@eqpen=\count32
 center,
\@rightskip=\skip22
 verbatim, list,
\topsep=\skip23
\partopsep=\skip24
\itemsep=\skip25
\parsep=\skip26
\@topsep=\skip27
\@topsepadd=\skip28
\@outerparskip=\skip29
\leftmargin=\dimen19
\rightmargin=\dimen20
\listparindent=\dimen21
\itemindent=\dimen22
\labelwidth=\dimen23
\labelsep=\dimen24
\linewidth=\dimen25
\@totalleftmargin=\dimen26
\leftmargini=\dimen27
\leftmarginii=\dimen28
\leftmarginiii=\dimen29
\leftmarginiv=\dimen30
\leftmarginv=\dimen31
\leftmarginvi=\dimen32
\@listdepth=\count33
\@itempenalty=\count34
\@beginparpenalty=\count35
\@endparpenalty=\count36
\@labels=\box14
 itemize,
\@enumdepth=\count37
\c@enumi=\count38
\c@enumii=\count39
\c@enumiii=\count40
\c@enumiv=\count41
\@itemdepth=\count42
 boxes,
\fboxrule=\dimen33
\fboxsep=\dimen34
\@mplistdepth=\count43
\@mpfootins=\insert253

tabbing,
\@firsttab=\count44
\@maxtab=\count45
\@gtempa=\dimen35
\@gtempa=\dimen36
\@gtempa=\dimen37
\@gtempa=\dimen38
\@gtempa=\dimen39
\@gtempa=\dimen40
\@gtempa=\dimen41
\@gtempa=\dimen42
\@gtempa=\dimen43
\@gtempa=\dimen44
\@gtempa=\dimen45
\@gtempa=\dimen46
\@gtempa=\dimen47
\@getempa=\dimen48
\@nxttabmar=\count46
\@curtabmar=\count47
\@curtab=\count48
\@hightab=\count49
\@tabpush=\count50
\@curline=\box15
\@curfield=\box16
\@tabfbox=\box17
\tabbingsep=\dimen49
 array,
\@chclass=\count51
\@lastchclass=\count52
\@chnum=\count53
\arraycolsep=\dimen50
\tabcolsep=\dimen51
\arrayrulewidth=\dimen52
\doublerulesep=\dimen53
\@arstrutbox=\box18
\@cla=\count54
\@clb=\count55
 picture,
\@wholewidth=\dimen54
\@halfwidth=\dimen55
\unitlength=\dimen56
\@picbox=\box19
\@picht=\dimen57
\@ovxx=\dimen58
\@ovyy=\dimen59
\@ovdx=\dimen60
\@ovdy=\dimen61
\@ovro=\dimen62
\@ovri=\dimen63
\@xarg=\count56
\@yarg=\count57
\@yyarg=\count58
\@multicnt=\count59
\@xdim=\dimen64
\@ydim=\dimen65
\@linechar=\box20
\@linelen=\dimen66
\@clnwd=\dimen67
\@clnht=\dimen68
\@dashdim=\dimen69
\@dashbox=\box21
\@dashcnt=\count60
 theorem, lengths, title, sectioning,
\@secpenalty=\count61
\c@secnumdepth=\count62
\c@tocdepth=\count63
 contents, index,
bibliography, floats,
\@floatpenalty=\count64
\c@topnumber=\count65
\c@dbltopnumber=\count66
\c@bottomnumber=\count67
\c@totalnumber=\count68
 footnotes,
\c@footnote=\count69
\c@mpfootnote=\count70
\footnotesep=\dimen70
 initial, output,
\bx@A=\insert252
\bx@B=\insert251
\bx@C=\insert250
\bx@D=\insert249
\bx@E=\insert248
\bx@F=\insert247
\bx@G=\insert246
\bx@H=\insert245
\bx@I=\insert244
\bx@J=\insert243
\bx@K=\insert242
\bx@L=\insert241
\bx@M=\insert240
\bx@N=\insert239
\bx@O=\insert238
\bx@P=\insert237
\bx@Q=\insert236
\bx@R=\insert235
\topmargin=\dimen71
\oddsidemargin=\dimen72
\evensidemargin=\dimen73
\headheight=\dimen74
\headsep=\dimen75
\footskip=\dimen76
\footheight=\dimen77
\textheight=\dimen78
\textwidth=\dimen79
\columnwidth=\dimen80
\columnsep=\dimen81
\columnseprule=\dimen82
\@maxdepth=\dimen83
\marginparwidth=\dimen84
\marginparsep=\dimen85
\marginparpush=\dimen86
\floatsep=\skip30
\textfloatsep=\skip31
\intextsep=\skip32
\@maxsep=\dimen87
\dblfloatsep=\skip33
\dbltextfloatsep=\skip34
\@dblmaxsep=\dimen88
\@fptop=\skip35
\@fpsep=\skip36
\@fpbot=\skip37
\@dblfptop=\skip38
\@dblfpsep=\skip39
\@dblfpbot=\skip40
\@topnum=\count71
\@toproom=\dimen89
\@dbltopnum=\count72
\@dbltoproom=\dimen90
\@botnum=\count73
\@botroom=\dimen91
\@colnum=\count74
\@textmin=\dimen92
\@fpmin=\dimen93
\@colht=\dimen94
\@colroom=\dimen95
\@pageht=\dimen96
\@pagedp=\dimen97
\@mparbottom=\dimen98
\@currtype=\count75
\@outputbox=\box22
\@leftcolumn=\box23
\@holdpg=\box24
 debugging
\@lowpenalty=\count76
\@medpenalty=\count77
\@highpenalty=\count78
)
(/opt/exptools/lib/tex/macros/slitex.tex
SliTeX Version 2.09 <8 Jun 1988>
hacks, slides,
\c@page=\count79
 picture, mods,
\@smashboxa=\box25
\@smashboxb=\box26
\@smashboxc=\box27
 output, init
No auxiliary output files.

)
Input any local modifications here.
)
*\dump
Beginning to dump on file splain.fmt
 (format=splain 95.11.7)
3038 strings of total length 37812
22597 memory locations dumped; current usage is 118&22361
2019 multiletter control sequences
\font\nullfont=nullfont
\font\fourteenrm=lcmss8 at 13.82399pt
\font\fourteeni=cmmi8 at 13.82399pt
\font\fourteensy=cmsy8 at 13.82399pt
\font\fourteenit=lcmssi8 at 13.82399pt
\font\fourteenbf=lcmssb8 at 13.82399pt
\font\fourteentt=cmtt8 at 13.82399pt
\font\fourteenlasy=lasy8 at 13.82399pt
\font\ifourteenrm=ilcmss8 at 13.82399pt
\font\ifourteeni=icmmi8 at 13.82399pt
\font\ifourteensy=icmsy8 at 13.82399pt
\font\ifourteenit=ilcmssi8 at 13.82399pt
\font\ifourteenbf=ilcmssb8 at 13.82399pt
\font\ifourteentt=icmtt8 at 13.82399pt
\font\ifourteenlasy=ilasy8 at 13.82399pt
\font\seventeenrm=lcmss8 at 16.592pt
\font\seventeeni=cmmi8 at 16.592pt
\font\seventeensy=cmsy8 at 16.592pt
\font\seventeenit=lcmssi8 at 16.592pt
\font\seventeenbf=lcmssb8 at 16.592pt
\font\seventeentt=cmtt8 at 16.592pt
\font\seventeenlasy=lasy8 at 16.592pt
\font\iseventeenrm=ilcmss8 at 16.592pt
\font\iseventeeni=icmmi8 at 16.592pt
\font\iseventeensy=icmsy8 at 16.592pt
\font\iseventeenit=ilcmssi8 at 16.592pt
\font\iseventeenbf=ilcmssb8 at 16.592pt
\font\iseventeentt=icmtt8 at 16.592pt
\font\iseventeenlasy=ilasy8 at 16.592pt
\font\twentyrm=lcmss8 at 19.90399pt
\font\twentyi=cmmi8 at 19.90399pt
\font\twentysy=cmsy8 at 19.90399pt
\font\twentyit=lcmssi8 at 19.90399pt
\font\twentybf=lcmssb8 at 19.90399pt
\font\twentytt=cmtt8 at 19.90399pt
\font\twentylasy=lasy8 at 19.90399pt
\font\itwentyrm=ilcmss8 at 19.90399pt
\font\itwentyi=icmmi8 at 19.90399pt
\font\itwentysy=icmsy8 at 19.90399pt
\font\itwentyit=ilcmssi8 at 19.90399pt
\font\itwentybf=ilcmssb8 at 19.90399pt
\font\itwentytt=icmtt8 at 19.90399pt
\font\itwentylasy=ilasy8 at 19.90399pt
\font\twentyfourrm=lcmss8 at 23.88799pt
\font\twentyfouri=cmmi8 at 23.88799pt
\font\twentyfoursy=cmsy8 at 23.88799pt
\font\twentyfourit=lcmssi8 at 23.88799pt
\font\twentyfourbf=lcmssb8 at 23.88799pt
\font\twentyfourtt=cmtt8 at 23.88799pt
\font\twentyfourlasy=lasy8 at 23.88799pt
\font\itwentyfourrm=ilcmss8 at 23.88799pt
\font\itwentyfouri=icmmi8 at 23.88799pt
\font\itwentyfoursy=icmsy8 at 23.88799pt
\font\itwentyfourit=ilcmssi8 at 23.88799pt
\font\itwentyfourbf=ilcmssb8 at 23.88799pt
\font\itwentyfourtt=icmtt8 at 23.88799pt
\font\itwentyfourlasy=ilasy8 at 23.88799pt
\font\twentyninerm=lcmss8 at 28.66399pt
\font\twentyninei=cmmi8 at 28.66399pt
\font\twentyninesy=cmsy8 at 28.66399pt
\font\twentynineit=lcmssi8 at 28.66399pt
\font\twentyninebf=lcmssb8 at 28.66399pt
\font\twentyninett=cmtt8 at 28.66399pt
\font\twentyninelasy=lasy8 at 28.66399pt
\font\itwentyninerm=ilcmss8 at 28.66399pt
\font\itwentyninei=icmmi8 at 28.66399pt
\font\itwentyninesy=icmsy8 at 28.66399pt
\font\itwentynineit=ilcmssi8 at 28.66399pt
\font\itwentyninebf=ilcmssb8 at 28.66399pt
\font\itwentyninett=icmtt8 at 28.66399pt
\font\itwentyninelasy=ilasy8 at 28.66399pt
\font\thirtyfourrm=lcmss8 at 34.4pt
\font\thirtyfouri=cmmi8 at 34.4pt
\font\thirtyfoursy=cmsy8 at 34.4pt
\font\thirtyfourit=lcmssi8 at 34.4pt
\font\thirtyfourbf=lcmssb8 at 34.4pt
\font\thirtyfourtt=cmtt8 at 34.4pt
\font\thirtyfourlasy=lasy8 at 34.4pt
\font\ithirtyfourrm=ilcmss8 at 34.4pt
\font\ithirtyfouri=icmmi8 at 34.4pt
\font\ithirtyfoursy=icmsy8 at 34.4pt
\font\ithirtyfourit=ilcmssi8 at 34.4pt
\font\ithirtyfourbf=ilcmssb8 at 34.4pt
\font\ithirtyfourtt=icmtt8 at 34.4pt
\font\ithirtyfourlasy=ilasy8 at 34.4pt
\font\fortyonerm=lcmss8 at 41.28pt
\font\ifortyonerm=ilcmss8 at 41.28pt
\font\tenex=cmex10 at 17.28pt
\font\itenex=icmex10 at 17.28pt
\font\tenln=line10
\font\tenlnw=linew10
\font\tencirc=lcircle10
\font\tencircw=lcirclew10
23868 words of font info for 92 preloaded fonts
14 hyphenation exceptions
Hyphenation trie of length 6075 has 181 ops out of 751
  181 for language 0
No pages of output.
